Analysis & Synthesis report for renderer
Sun Nov 17 13:02:15 2024
Quartus Prime Version 18.1.0 Build 625 09/12/2018 SJ Lite Edition


---------------------
; Table of Contents ;
---------------------
  1. Legal Notice
  2. Analysis & Synthesis Summary
  3. Analysis & Synthesis Settings
  4. Parallel Compilation
  5. Analysis & Synthesis Source Files Read
  6. Analysis & Synthesis Resource Usage Summary
  7. Analysis & Synthesis Resource Utilization by Entity
  8. State Machine - |renderer|Keyboard_Intefracer:KB_I|PS2_Controller:PS2|s_ps2_transceiver
  9. State Machine - |renderer|Keyboard_Intefracer:KB_I|PS2_Controller:PS2|Altera_UP_PS2_Command_Out:PS2_Command_Out|s_ps2_transmitter
 10. State Machine - |renderer|Keyboard_Intefracer:KB_I|PS2_Controller:PS2|Altera_UP_PS2_Data_In:PS2_Data_In|s_ps2_receiver
 11. Registers Removed During Synthesis
 12. General Register Statistics
 13. Multiplexer Restructuring Statistics (Restructuring Performed)
 14. Parameter Settings for User Entity Instance: Top-level Entity: |renderer
 15. Parameter Settings for User Entity Instance: Polygon_List:LIST
 16. Parameter Settings for User Entity Instance: Pose_Tracker:PT
 17. Parameter Settings for User Entity Instance: Pose_Tracker:PT|fxp_mul:mult0
 18. Parameter Settings for User Entity Instance: Pose_Tracker:PT|fxp_mul:mult0|fxp_zoom:res_zoom
 19. Parameter Settings for User Entity Instance: Keyboard_Intefracer:KB_I|PS2_Controller:PS2
 20. Parameter Settings for User Entity Instance: Keyboard_Intefracer:KB_I|PS2_Controller:PS2|Altera_UP_PS2_Command_Out:PS2_Command_Out
 21. Port Connectivity Checks: "Keyboard_Intefracer:KB_I"
 22. Port Connectivity Checks: "Pose_Tracker:PT|fxp_mul:mult0"
 23. Port Connectivity Checks: "Pose_Tracker:PT"
 24. Port Connectivity Checks: "Polygon_List:LIST"
 25. Post-Synthesis Netlist Statistics for Top Partition
 26. Elapsed Time Per Partition
 27. Analysis & Synthesis Messages
 28. Analysis & Synthesis Suppressed Messages



----------------
; Legal Notice ;
----------------
Copyright (C) 2018  Intel Corporation. All rights reserved.
Your use of Intel Corporation's design tools, logic functions 
and other software and tools, and its AMPP partner logic 
functions, and any output files from any of the foregoing 
(including device programming or simulation files), and any 
associated documentation or information are expressly subject 
to the terms and conditions of the Intel Program License 
Subscription Agreement, the Intel Quartus Prime License Agreement,
the Intel FPGA IP License Agreement, or other applicable license
agreement, including, without limitation, that your use is for
the sole purpose of programming logic devices manufactured by
Intel and sold by Intel or its authorized distributors.  Please
refer to the applicable agreement for further details.



+-------------------------------------------------------------------------------+
; Analysis & Synthesis Summary                                                  ;
+---------------------------------+---------------------------------------------+
; Analysis & Synthesis Status     ; Successful - Sun Nov 17 13:02:15 2024       ;
; Quartus Prime Version           ; 18.1.0 Build 625 09/12/2018 SJ Lite Edition ;
; Revision Name                   ; renderer                                    ;
; Top-level Entity Name           ; renderer                                    ;
; Family                          ; Cyclone V                                   ;
; Logic utilization (in ALMs)     ; N/A                                         ;
; Total registers                 ; 167                                         ;
; Total pins                      ; 69                                          ;
; Total virtual pins              ; 0                                           ;
; Total block memory bits         ; 0                                           ;
; Total DSP Blocks                ; 0                                           ;
; Total HSSI RX PCSs              ; 0                                           ;
; Total HSSI PMA RX Deserializers ; 0                                           ;
; Total HSSI TX PCSs              ; 0                                           ;
; Total HSSI PMA TX Serializers   ; 0                                           ;
; Total PLLs                      ; 0                                           ;
; Total DLLs                      ; 0                                           ;
+---------------------------------+---------------------------------------------+


+---------------------------------------------------------------------------------------------------------------------------+
; Analysis & Synthesis Settings                                                                                             ;
+---------------------------------------------------------------------------------+--------------------+--------------------+
; Option                                                                          ; Setting            ; Default Value      ;
+---------------------------------------------------------------------------------+--------------------+--------------------+
; Device                                                                          ; 5CSEMA5F31C6       ;                    ;
; Top-level entity name                                                           ; renderer           ; renderer           ;
; Family name                                                                     ; Cyclone V          ; Cyclone V          ;
; Use smart compilation                                                           ; Off                ; Off                ;
; Enable parallel Assembler and Timing Analyzer during compilation                ; On                 ; On                 ;
; Enable compact report table                                                     ; Off                ; Off                ;
; Restructure Multiplexers                                                        ; Auto               ; Auto               ;
; MLAB Add Timing Constraints For Mixed-Port Feed-Through Mode Setting Don't Care ; Off                ; Off                ;
; Create Debugging Nodes for IP Cores                                             ; Off                ; Off                ;
; Preserve fewer node names                                                       ; On                 ; On                 ;
; Intel FPGA IP Evaluation Mode                                                   ; Enable             ; Enable             ;
; Verilog Version                                                                 ; Verilog_2001       ; Verilog_2001       ;
; VHDL Version                                                                    ; VHDL_1993          ; VHDL_1993          ;
; State Machine Processing                                                        ; Auto               ; Auto               ;
; Safe State Machine                                                              ; Off                ; Off                ;
; Extract Verilog State Machines                                                  ; On                 ; On                 ;
; Extract VHDL State Machines                                                     ; On                 ; On                 ;
; Ignore Verilog initial constructs                                               ; Off                ; Off                ;
; Iteration limit for constant Verilog loops                                      ; 5000               ; 5000               ;
; Iteration limit for non-constant Verilog loops                                  ; 250                ; 250                ;
; Add Pass-Through Logic to Inferred RAMs                                         ; On                 ; On                 ;
; Infer RAMs from Raw Logic                                                       ; On                 ; On                 ;
; Parallel Synthesis                                                              ; On                 ; On                 ;
; DSP Block Balancing                                                             ; Auto               ; Auto               ;
; NOT Gate Push-Back                                                              ; On                 ; On                 ;
; Power-Up Don't Care                                                             ; On                 ; On                 ;
; Remove Redundant Logic Cells                                                    ; Off                ; Off                ;
; Remove Duplicate Registers                                                      ; On                 ; On                 ;
; Ignore CARRY Buffers                                                            ; Off                ; Off                ;
; Ignore CASCADE Buffers                                                          ; Off                ; Off                ;
; Ignore GLOBAL Buffers                                                           ; Off                ; Off                ;
; Ignore ROW GLOBAL Buffers                                                       ; Off                ; Off                ;
; Ignore LCELL Buffers                                                            ; Off                ; Off                ;
; Ignore SOFT Buffers                                                             ; On                 ; On                 ;
; Limit AHDL Integers to 32 Bits                                                  ; Off                ; Off                ;
; Optimization Technique                                                          ; Balanced           ; Balanced           ;
; Carry Chain Length                                                              ; 70                 ; 70                 ;
; Auto Carry Chains                                                               ; On                 ; On                 ;
; Auto Open-Drain Pins                                                            ; On                 ; On                 ;
; Perform WYSIWYG Primitive Resynthesis                                           ; Off                ; Off                ;
; Auto ROM Replacement                                                            ; On                 ; On                 ;
; Auto RAM Replacement                                                            ; On                 ; On                 ;
; Auto DSP Block Replacement                                                      ; On                 ; On                 ;
; Auto Shift Register Replacement                                                 ; Auto               ; Auto               ;
; Allow Shift Register Merging across Hierarchies                                 ; Auto               ; Auto               ;
; Auto Clock Enable Replacement                                                   ; On                 ; On                 ;
; Strict RAM Replacement                                                          ; Off                ; Off                ;
; Allow Synchronous Control Signals                                               ; On                 ; On                 ;
; Force Use of Synchronous Clear Signals                                          ; Off                ; Off                ;
; Auto Resource Sharing                                                           ; Off                ; Off                ;
; Allow Any RAM Size For Recognition                                              ; Off                ; Off                ;
; Allow Any ROM Size For Recognition                                              ; Off                ; Off                ;
; Allow Any Shift Register Size For Recognition                                   ; Off                ; Off                ;
; Use LogicLock Constraints during Resource Balancing                             ; On                 ; On                 ;
; Ignore translate_off and synthesis_off directives                               ; Off                ; Off                ;
; Timing-Driven Synthesis                                                         ; On                 ; On                 ;
; Report Parameter Settings                                                       ; On                 ; On                 ;
; Report Source Assignments                                                       ; On                 ; On                 ;
; Report Connectivity Checks                                                      ; On                 ; On                 ;
; Ignore Maximum Fan-Out Assignments                                              ; Off                ; Off                ;
; Synchronization Register Chain Length                                           ; 3                  ; 3                  ;
; Power Optimization During Synthesis                                             ; Normal compilation ; Normal compilation ;
; HDL message level                                                               ; Level2             ; Level2             ;
; Suppress Register Optimization Related Messages                                 ; Off                ; Off                ;
; Number of Removed Registers Reported in Synthesis Report                        ; 5000               ; 5000               ;
; Number of Swept Nodes Reported in Synthesis Report                              ; 5000               ; 5000               ;
; Number of Inverted Registers Reported in Synthesis Report                       ; 100                ; 100                ;
; Clock MUX Protection                                                            ; On                 ; On                 ;
; Auto Gated Clock Conversion                                                     ; Off                ; Off                ;
; Block Design Naming                                                             ; Auto               ; Auto               ;
; SDC constraint protection                                                       ; Off                ; Off                ;
; Synthesis Effort                                                                ; Auto               ; Auto               ;
; Shift Register Replacement - Allow Asynchronous Clear Signal                    ; On                 ; On                 ;
; Pre-Mapping Resynthesis Optimization                                            ; Off                ; Off                ;
; Analysis & Synthesis Message Level                                              ; Medium             ; Medium             ;
; Disable Register Merging Across Hierarchies                                     ; Auto               ; Auto               ;
; Resource Aware Inference For Block RAM                                          ; On                 ; On                 ;
; Automatic Parallel Synthesis                                                    ; On                 ; On                 ;
; Partial Reconfiguration Bitstream ID                                            ; Off                ; Off                ;
+---------------------------------------------------------------------------------+--------------------+--------------------+


+------------------------------------------+
; Parallel Compilation                     ;
+----------------------------+-------------+
; Processors                 ; Number      ;
+----------------------------+-------------+
; Number detected on machine ; 12          ;
; Maximum allowed            ; 10          ;
;                            ;             ;
; Average used               ; 1.00        ;
; Maximum used               ; 10          ;
;                            ;             ;
; Usage by Processor         ; % Time Used ;
;     Processor 1            ; 100.0%      ;
;     Processors 2-10        ;   0.0%      ;
+----------------------------+-------------+


+-----------------------------------------------------------------------------------------------------------------------------------------------------------------------------------+
; Analysis & Synthesis Source Files Read                                                                                                                                            ;
+-------------------------------------+-----------------+------------------------------+----------------------------------------------------------------------------------+---------+
; File Name with User-Entered Path    ; Used in Netlist ; File Type                    ; File Name with Absolute Path                                                     ; Library ;
+-------------------------------------+-----------------+------------------------------+----------------------------------------------------------------------------------+---------+
; src/renderer.sv                     ; yes             ; User SystemVerilog HDL File  ; C:/ECE241/Final Project/ece241-final_project/src/renderer.sv                     ;         ;
; src/PS2_Controller.sv               ; yes             ; User SystemVerilog HDL File  ; C:/ECE241/Final Project/ece241-final_project/src/PS2_Controller.sv               ;         ;
; src/pose_tracker.sv                 ; yes             ; User SystemVerilog HDL File  ; C:/ECE241/Final Project/ece241-final_project/src/pose_tracker.sv                 ;         ;
; src/Polygon_List.sv                 ; yes             ; User SystemVerilog HDL File  ; C:/ECE241/Final Project/ece241-final_project/src/Polygon_List.sv                 ;         ;
; src/Keyboard_Interfacer.sv          ; yes             ; User SystemVerilog HDL File  ; C:/ECE241/Final Project/ece241-final_project/src/Keyboard_Interfacer.sv          ;         ;
; src/Hexadecimal_To_Seven_Segment.sv ; yes             ; User SystemVerilog HDL File  ; C:/ECE241/Final Project/ece241-final_project/src/Hexadecimal_To_Seven_Segment.sv ;         ;
; src/Altera_UP_PS2_Data_In.sv        ; yes             ; User SystemVerilog HDL File  ; C:/ECE241/Final Project/ece241-final_project/src/Altera_UP_PS2_Data_In.sv        ;         ;
; src/Altera_UP_PS2_Command_Out.sv    ; yes             ; User SystemVerilog HDL File  ; C:/ECE241/Final Project/ece241-final_project/src/Altera_UP_PS2_Command_Out.sv    ;         ;
; src/fixedpoint_lib.sv               ; yes             ; User SystemVerilog HDL File  ; C:/ECE241/Final Project/ece241-final_project/src/fixedpoint_lib.sv               ;         ;
+-------------------------------------+-----------------+------------------------------+----------------------------------------------------------------------------------+---------+


+--------------------------------------------------------------+
; Analysis & Synthesis Resource Usage Summary                  ;
+---------------------------------------------+----------------+
; Resource                                    ; Usage          ;
+---------------------------------------------+----------------+
; Estimate of Logic utilization (ALMs needed) ; 124            ;
;                                             ;                ;
; Combinational ALUT usage for logic          ; 209            ;
;     -- 7 input functions                    ; 2              ;
;     -- 6 input functions                    ; 32             ;
;     -- 5 input functions                    ; 20             ;
;     -- 4 input functions                    ; 34             ;
;     -- <=3 input functions                  ; 121            ;
;                                             ;                ;
; Dedicated logic registers                   ; 167            ;
;                                             ;                ;
; I/O pins                                    ; 69             ;
;                                             ;                ;
; Total DSP Blocks                            ; 0              ;
;                                             ;                ;
; Maximum fan-out node                        ; CLOCK_50~input ;
; Maximum fan-out                             ; 167            ;
; Total fan-out                               ; 1422           ;
; Average fan-out                             ; 2.76           ;
+---------------------------------------------+----------------+


+---------------------------------------------------------------------------------------------------------------------------------------------------------------------------------------------------------------------------------------------------------------------------------------------------------------+
; Analysis & Synthesis Resource Utilization by Entity                                                                                                                                                                                                                                                           ;
+------------------------------------------------------+---------------------+---------------------------+-------------------+------------+------+--------------+-------------------------------------------------------------------------------------------------+------------------------------+--------------+
; Compilation Hierarchy Node                           ; Combinational ALUTs ; Dedicated Logic Registers ; Block Memory Bits ; DSP Blocks ; Pins ; Virtual Pins ; Full Hierarchy Name                                                                             ; Entity Name                  ; Library Name ;
+------------------------------------------------------+---------------------+---------------------------+-------------------+------------+------+--------------+-------------------------------------------------------------------------------------------------+------------------------------+--------------+
; |renderer                                            ; 209 (0)             ; 167 (0)                   ; 0                 ; 0          ; 69   ; 0            ; |renderer                                                                                       ; renderer                     ; work         ;
;    |Hexadecimal_To_Seven_Segment:hex0|               ; 7 (7)               ; 0 (0)                     ; 0                 ; 0          ; 0    ; 0            ; |renderer|Hexadecimal_To_Seven_Segment:hex0                                                     ; Hexadecimal_To_Seven_Segment ; work         ;
;    |Hexadecimal_To_Seven_Segment:hex1|               ; 7 (7)               ; 0 (0)                     ; 0                 ; 0          ; 0    ; 0            ; |renderer|Hexadecimal_To_Seven_Segment:hex1                                                     ; Hexadecimal_To_Seven_Segment ; work         ;
;    |Keyboard_Intefracer:KB_I|                        ; 146 (3)             ; 131 (16)                  ; 0                 ; 0          ; 0    ; 0            ; |renderer|Keyboard_Intefracer:KB_I                                                              ; Keyboard_Intefracer          ; work         ;
;       |PS2_Controller:PS2|                           ; 143 (26)            ; 115 (16)                  ; 0                 ; 0          ; 0    ; 0            ; |renderer|Keyboard_Intefracer:KB_I|PS2_Controller:PS2                                           ; PS2_Controller               ; work         ;
;          |Altera_UP_PS2_Command_Out:PS2_Command_Out| ; 100 (100)           ; 73 (73)                   ; 0                 ; 0          ; 0    ; 0            ; |renderer|Keyboard_Intefracer:KB_I|PS2_Controller:PS2|Altera_UP_PS2_Command_Out:PS2_Command_Out ; Altera_UP_PS2_Command_Out    ; work         ;
;          |Altera_UP_PS2_Data_In:PS2_Data_In|         ; 17 (17)             ; 26 (26)                   ; 0                 ; 0          ; 0    ; 0            ; |renderer|Keyboard_Intefracer:KB_I|PS2_Controller:PS2|Altera_UP_PS2_Data_In:PS2_Data_In         ; Altera_UP_PS2_Data_In        ; work         ;
;    |Pose_Tracker:PT|                                 ; 49 (49)             ; 36 (36)                   ; 0                 ; 0          ; 0    ; 0            ; |renderer|Pose_Tracker:PT                                                                       ; Pose_Tracker                 ; work         ;
+------------------------------------------------------+---------------------+---------------------------+-------------------+------------+------+--------------+-------------------------------------------------------------------------------------------------+------------------------------+--------------+
Note: For table entries with two numbers listed, the numbers in parentheses indicate the number of resources of the given type used by the specific entity alone. The numbers listed outside of parentheses indicate the total resources of the given type used by the specific entity and all of its sub-entities in the hierarchy.


Encoding Type:  One-Hot
+--------------------------------------------------------------------------------------------------------------------------------------------------------------------------------------------------------------------------------------------------------------+
; State Machine - |renderer|Keyboard_Intefracer:KB_I|PS2_Controller:PS2|s_ps2_transceiver                                                                                                                                                                      ;
+--------------------------------------------+--------------------------------------------+-------------------------------------------+---------------------------------------+------------------------------------+-------------------------------------------+
; Name                                       ; s_ps2_transceiver.PS2_STATE_3_END_TRANSFER ; s_ps2_transceiver.PS2_STATE_2_COMMAND_OUT ; s_ps2_transceiver.PS2_STATE_1_DATA_IN ; s_ps2_transceiver.PS2_STATE_0_IDLE ; s_ps2_transceiver.PS2_STATE_4_END_DELAYED ;
+--------------------------------------------+--------------------------------------------+-------------------------------------------+---------------------------------------+------------------------------------+-------------------------------------------+
; s_ps2_transceiver.PS2_STATE_0_IDLE         ; 0                                          ; 0                                         ; 0                                     ; 0                                  ; 0                                         ;
; s_ps2_transceiver.PS2_STATE_1_DATA_IN      ; 0                                          ; 0                                         ; 1                                     ; 1                                  ; 0                                         ;
; s_ps2_transceiver.PS2_STATE_2_COMMAND_OUT  ; 0                                          ; 1                                         ; 0                                     ; 1                                  ; 0                                         ;
; s_ps2_transceiver.PS2_STATE_3_END_TRANSFER ; 1                                          ; 0                                         ; 0                                     ; 1                                  ; 0                                         ;
; s_ps2_transceiver.PS2_STATE_4_END_DELAYED  ; 0                                          ; 0                                         ; 0                                     ; 1                                  ; 1                                         ;
+--------------------------------------------+--------------------------------------------+-------------------------------------------+---------------------------------------+------------------------------------+-------------------------------------------+


Encoding Type:  One-Hot
+-----------------------------------------------------------------------------------------------------------------------------------------------------------------------------------------------------------------------------------------------------------------------------------------------------------------------------------------------------------------------------------------------------------------------------------------------------+
; State Machine - |renderer|Keyboard_Intefracer:KB_I|PS2_Controller:PS2|Altera_UP_PS2_Command_Out:PS2_Command_Out|s_ps2_transmitter                                                                                                                                                                                                                                                                                                                   ;
+------------------------------------------------------+--------------------------------------------------+------------------------------------------------+-----------------------------------------------+-------------------------------------------------+---------------------------------------------+----------------------------------------------+------------------------------------------------------+------------------------------------+
; Name                                                 ; s_ps2_transmitter.PS2_STATE_7_TRANSMISSION_ERROR ; s_ps2_transmitter.PS2_STATE_6_COMMAND_WAS_SENT ; s_ps2_transmitter.PS2_STATE_5_RECEIVE_ACK_BIT ; s_ps2_transmitter.PS2_STATE_4_TRANSMIT_STOP_BIT ; s_ps2_transmitter.PS2_STATE_3_TRANSMIT_DATA ; s_ps2_transmitter.PS2_STATE_2_WAIT_FOR_CLOCK ; s_ps2_transmitter.PS2_STATE_1_INITIATE_COMMUNICATION ; s_ps2_transmitter.PS2_STATE_0_IDLE ;
+------------------------------------------------------+--------------------------------------------------+------------------------------------------------+-----------------------------------------------+-------------------------------------------------+---------------------------------------------+----------------------------------------------+------------------------------------------------------+------------------------------------+
; s_ps2_transmitter.PS2_STATE_0_IDLE                   ; 0                                                ; 0                                              ; 0                                             ; 0                                               ; 0                                           ; 0                                            ; 0                                                    ; 0                                  ;
; s_ps2_transmitter.PS2_STATE_1_INITIATE_COMMUNICATION ; 0                                                ; 0                                              ; 0                                             ; 0                                               ; 0                                           ; 0                                            ; 1                                                    ; 1                                  ;
; s_ps2_transmitter.PS2_STATE_2_WAIT_FOR_CLOCK         ; 0                                                ; 0                                              ; 0                                             ; 0                                               ; 0                                           ; 1                                            ; 0                                                    ; 1                                  ;
; s_ps2_transmitter.PS2_STATE_3_TRANSMIT_DATA          ; 0                                                ; 0                                              ; 0                                             ; 0                                               ; 1                                           ; 0                                            ; 0                                                    ; 1                                  ;
; s_ps2_transmitter.PS2_STATE_4_TRANSMIT_STOP_BIT      ; 0                                                ; 0                                              ; 0                                             ; 1                                               ; 0                                           ; 0                                            ; 0                                                    ; 1                                  ;
; s_ps2_transmitter.PS2_STATE_5_RECEIVE_ACK_BIT        ; 0                                                ; 0                                              ; 1                                             ; 0                                               ; 0                                           ; 0                                            ; 0                                                    ; 1                                  ;
; s_ps2_transmitter.PS2_STATE_6_COMMAND_WAS_SENT       ; 0                                                ; 1                                              ; 0                                             ; 0                                               ; 0                                           ; 0                                            ; 0                                                    ; 1                                  ;
; s_ps2_transmitter.PS2_STATE_7_TRANSMISSION_ERROR     ; 1                                                ; 0                                              ; 0                                             ; 0                                               ; 0                                           ; 0                                            ; 0                                                    ; 1                                  ;
+------------------------------------------------------+--------------------------------------------------+------------------------------------------------+-----------------------------------------------+-------------------------------------------------+---------------------------------------------+----------------------------------------------+------------------------------------------------------+------------------------------------+


Encoding Type:  One-Hot
+----------------------------------------------------------------------------------------------------------------------------------------------------------------------------------------------------------------------------------------+
; State Machine - |renderer|Keyboard_Intefracer:KB_I|PS2_Controller:PS2|Altera_UP_PS2_Data_In:PS2_Data_In|s_ps2_receiver                                                                                                                 ;
+------------------------------------------+--------------------------------------+------------------------------------+------------------------------------------+---------------------------------+------------------------------------+
; Name                                     ; s_ps2_receiver.PS2_STATE_3_PARITY_IN ; s_ps2_receiver.PS2_STATE_2_DATA_IN ; s_ps2_receiver.PS2_STATE_1_WAIT_FOR_DATA ; s_ps2_receiver.PS2_STATE_0_IDLE ; s_ps2_receiver.PS2_STATE_4_STOP_IN ;
+------------------------------------------+--------------------------------------+------------------------------------+------------------------------------------+---------------------------------+------------------------------------+
; s_ps2_receiver.PS2_STATE_0_IDLE          ; 0                                    ; 0                                  ; 0                                        ; 0                               ; 0                                  ;
; s_ps2_receiver.PS2_STATE_1_WAIT_FOR_DATA ; 0                                    ; 0                                  ; 1                                        ; 1                               ; 0                                  ;
; s_ps2_receiver.PS2_STATE_2_DATA_IN       ; 0                                    ; 1                                  ; 0                                        ; 1                               ; 0                                  ;
; s_ps2_receiver.PS2_STATE_3_PARITY_IN     ; 1                                    ; 0                                  ; 0                                        ; 1                               ; 0                                  ;
; s_ps2_receiver.PS2_STATE_4_STOP_IN       ; 0                                    ; 0                                  ; 0                                        ; 1                               ; 1                                  ;
+------------------------------------------+--------------------------------------+------------------------------------+------------------------------------------+---------------------------------+------------------------------------+


+----------------------------------------------------------------------------------------------------------------------------------------------------+
; Registers Removed During Synthesis                                                                                                                 ;
+-----------------------------------------------------------------------------------------------------------+----------------------------------------+
; Register name                                                                                             ; Reason for Removal                     ;
+-----------------------------------------------------------------------------------------------------------+----------------------------------------+
; Pose_Tracker:PT|position[0][13]                                                                           ; Stuck at GND due to stuck port data_in ;
; Keyboard_Intefracer:KB_I|PS2_Controller:PS2|s_ps2_transceiver~2                                           ; Lost fanout                            ;
; Keyboard_Intefracer:KB_I|PS2_Controller:PS2|s_ps2_transceiver~3                                           ; Lost fanout                            ;
; Keyboard_Intefracer:KB_I|PS2_Controller:PS2|Altera_UP_PS2_Command_Out:PS2_Command_Out|s_ps2_transmitter~2 ; Lost fanout                            ;
; Keyboard_Intefracer:KB_I|PS2_Controller:PS2|Altera_UP_PS2_Command_Out:PS2_Command_Out|s_ps2_transmitter~3 ; Lost fanout                            ;
; Keyboard_Intefracer:KB_I|PS2_Controller:PS2|Altera_UP_PS2_Command_Out:PS2_Command_Out|s_ps2_transmitter~4 ; Lost fanout                            ;
; Keyboard_Intefracer:KB_I|PS2_Controller:PS2|Altera_UP_PS2_Data_In:PS2_Data_In|s_ps2_receiver~2            ; Lost fanout                            ;
; Keyboard_Intefracer:KB_I|PS2_Controller:PS2|Altera_UP_PS2_Data_In:PS2_Data_In|s_ps2_receiver~3            ; Lost fanout                            ;
; Pose_Tracker:PT|position[0][24]                                                                           ; Lost fanout                            ;
; Total Number of Removed Registers = 9                                                                     ;                                        ;
+-----------------------------------------------------------------------------------------------------------+----------------------------------------+


+------------------------------------------------------+
; General Register Statistics                          ;
+----------------------------------------------+-------+
; Statistic                                    ; Value ;
+----------------------------------------------+-------+
; Total registers                              ; 167   ;
; Number of registers using Synchronous Clear  ; 153   ;
; Number of registers using Synchronous Load   ; 0     ;
; Number of registers using Asynchronous Clear ; 0     ;
; Number of registers using Asynchronous Load  ; 0     ;
; Number of registers using Clock Enable       ; 135   ;
; Number of registers using Preset             ; 0     ;
+----------------------------------------------+-------+


+-------------------------------------------------------------------------------------------------------------------------------------------------------------------------------------------------------------------------------------------+
; Multiplexer Restructuring Statistics (Restructuring Performed)                                                                                                                                                                            ;
+--------------------+-----------+---------------+----------------------+------------------------+------------+-----------------------------------------------------------------------------------------------------------------------------+
; Multiplexer Inputs ; Bus Width ; Baseline Area ; Area if Restructured ; Saving if Restructured ; Registered ; Example Multiplexer Output                                                                                                  ;
+--------------------+-----------+---------------+----------------------+------------------------+------------+-----------------------------------------------------------------------------------------------------------------------------+
; 3:1                ; 9 bits    ; 18 LEs        ; 0 LEs                ; 18 LEs                 ; Yes        ; |renderer|Keyboard_Intefracer:KB_I|PS2_Controller:PS2|Altera_UP_PS2_Command_Out:PS2_Command_Out|ps2_command[6]              ;
; 3:1                ; 8 bits    ; 16 LEs        ; 0 LEs                ; 16 LEs                 ; Yes        ; |renderer|Keyboard_Intefracer:KB_I|PS2_Controller:PS2|Altera_UP_PS2_Data_In:PS2_Data_In|received_data[7]                    ;
; 3:1                ; 8 bits    ; 16 LEs        ; 0 LEs                ; 16 LEs                 ; Yes        ; |renderer|Keyboard_Intefracer:KB_I|PS2_Controller:PS2|Altera_UP_PS2_Data_In:PS2_Data_In|data_shift_reg[7]                   ;
; 4:1                ; 26 bits   ; 52 LEs        ; 0 LEs                ; 52 LEs                 ; Yes        ; |renderer|Pose_Tracker:PT|kbCount[25]                                                                                       ;
; 4:1                ; 8 bits    ; 16 LEs        ; 0 LEs                ; 16 LEs                 ; Yes        ; |renderer|Keyboard_Intefracer:KB_I|keycode[0]                                                                               ;
; 4:1                ; 8 bits    ; 16 LEs        ; 0 LEs                ; 16 LEs                 ; Yes        ; |renderer|Keyboard_Intefracer:KB_I|PS2_Controller:PS2|idle_counter[6]                                                       ;
; 4:1                ; 13 bits   ; 26 LEs        ; 0 LEs                ; 26 LEs                 ; Yes        ; |renderer|Keyboard_Intefracer:KB_I|PS2_Controller:PS2|Altera_UP_PS2_Command_Out:PS2_Command_Out|command_initiate_counter[6] ;
; 4:1                ; 20 bits   ; 40 LEs        ; 0 LEs                ; 40 LEs                 ; Yes        ; |renderer|Keyboard_Intefracer:KB_I|PS2_Controller:PS2|Altera_UP_PS2_Command_Out:PS2_Command_Out|waiting_counter[4]          ;
; 4:1                ; 4 bits    ; 8 LEs         ; 8 LEs                ; 0 LEs                  ; Yes        ; |renderer|Keyboard_Intefracer:KB_I|PS2_Controller:PS2|Altera_UP_PS2_Command_Out:PS2_Command_Out|cur_bit[0]                  ;
; 4:1                ; 4 bits    ; 8 LEs         ; 8 LEs                ; 0 LEs                  ; Yes        ; |renderer|Keyboard_Intefracer:KB_I|PS2_Controller:PS2|Altera_UP_PS2_Data_In:PS2_Data_In|data_count[3]                       ;
; 4:1                ; 17 bits   ; 34 LEs        ; 0 LEs                ; 34 LEs                 ; Yes        ; |renderer|Keyboard_Intefracer:KB_I|PS2_Controller:PS2|Altera_UP_PS2_Command_Out:PS2_Command_Out|transfer_counter[2]         ;
; 258:1              ; 11 bits   ; 1892 LEs      ; 11 LEs               ; 1881 LEs               ; Yes        ; |renderer|Pose_Tracker:PT|position[0][20]                                                                                   ;
+--------------------+-----------+---------------+----------------------+------------------------+------------+-----------------------------------------------------------------------------------------------------------------------------+


+--------------------------------------------------------------------------+
; Parameter Settings for User Entity Instance: Top-level Entity: |renderer ;
+----------------+-------+-------------------------------------------------+
; Parameter Name ; Value ; Type                                            ;
+----------------+-------+-------------------------------------------------+
; WOI            ; 9     ; Signed Integer                                  ;
; WOF            ; 16    ; Signed Integer                                  ;
+----------------+-------+-------------------------------------------------+
Note: In order to hide this table in the UI and the text report file, please set the "Show Parameter Settings in Synthesis Report" option in "Analysis and Synthesis Settings -> More Settings" to "Off".


+----------------------------------------------------------------+
; Parameter Settings for User Entity Instance: Polygon_List:LIST ;
+----------------+-------+---------------------------------------+
; Parameter Name ; Value ; Type                                  ;
+----------------+-------+---------------------------------------+
; WOI            ; 9     ; Signed Integer                        ;
; WOF            ; 16    ; Signed Integer                        ;
+----------------+-------+---------------------------------------+
Note: In order to hide this table in the UI and the text report file, please set the "Show Parameter Settings in Synthesis Report" option in "Analysis and Synthesis Settings -> More Settings" to "Off".


+--------------------------------------------------------------+
; Parameter Settings for User Entity Instance: Pose_Tracker:PT ;
+----------------+-------+-------------------------------------+
; Parameter Name ; Value ; Type                                ;
+----------------+-------+-------------------------------------+
; WII            ; 9     ; Signed Integer                      ;
; WIF            ; 16    ; Signed Integer                      ;
; WOI            ; 9     ; Signed Integer                      ;
; WOF            ; 16    ; Signed Integer                      ;
+----------------+-------+-------------------------------------+
Note: In order to hide this table in the UI and the text report file, please set the "Show Parameter Settings in Synthesis Report" option in "Analysis and Synthesis Settings -> More Settings" to "Off".


+----------------------------------------------------------------------------+
; Parameter Settings for User Entity Instance: Pose_Tracker:PT|fxp_mul:mult0 ;
+----------------+-------+---------------------------------------------------+
; Parameter Name ; Value ; Type                                              ;
+----------------+-------+---------------------------------------------------+
; WIIA           ; 9     ; Signed Integer                                    ;
; WIFA           ; 16    ; Signed Integer                                    ;
; WIIB           ; 9     ; Signed Integer                                    ;
; WIFB           ; 16    ; Signed Integer                                    ;
; WOI            ; 9     ; Signed Integer                                    ;
; WOF            ; 16    ; Signed Integer                                    ;
; ROUND          ; 0     ; Signed Integer                                    ;
+----------------+-------+---------------------------------------------------+
Note: In order to hide this table in the UI and the text report file, please set the "Show Parameter Settings in Synthesis Report" option in "Analysis and Synthesis Settings -> More Settings" to "Off".


+----------------------------------------------------------------------------------------------+
; Parameter Settings for User Entity Instance: Pose_Tracker:PT|fxp_mul:mult0|fxp_zoom:res_zoom ;
+----------------+-------+---------------------------------------------------------------------+
; Parameter Name ; Value ; Type                                                                ;
+----------------+-------+---------------------------------------------------------------------+
; WII            ; 18    ; Signed Integer                                                      ;
; WIF            ; 32    ; Signed Integer                                                      ;
; WOI            ; 9     ; Signed Integer                                                      ;
; WOF            ; 16    ; Signed Integer                                                      ;
; ROUND          ; 0     ; Unsigned Binary                                                     ;
+----------------+-------+---------------------------------------------------------------------+
Note: In order to hide this table in the UI and the text report file, please set the "Show Parameter Settings in Synthesis Report" option in "Analysis and Synthesis Settings -> More Settings" to "Off".


+------------------------------------------------------------------------------------------+
; Parameter Settings for User Entity Instance: Keyboard_Intefracer:KB_I|PS2_Controller:PS2 ;
+------------------+-------+---------------------------------------------------------------+
; Parameter Name   ; Value ; Type                                                          ;
+------------------+-------+---------------------------------------------------------------+
; INITIALIZE_MOUSE ; 0     ; Signed Integer                                                ;
+------------------+-------+---------------------------------------------------------------+
Note: In order to hide this table in the UI and the text report file, please set the "Show Parameter Settings in Synthesis Report" option in "Analysis and Synthesis Settings -> More Settings" to "Off".


+------------------------------------------------------------------------------------------------------------------------------------+
; Parameter Settings for User Entity Instance: Keyboard_Intefracer:KB_I|PS2_Controller:PS2|Altera_UP_PS2_Command_Out:PS2_Command_Out ;
+------------------------------------+----------------------+------------------------------------------------------------------------+
; Parameter Name                     ; Value                ; Type                                                                   ;
+------------------------------------+----------------------+------------------------------------------------------------------------+
; CLOCK_CYCLES_FOR_101US             ; 5050                 ; Signed Integer                                                         ;
; NUMBER_OF_BITS_FOR_101US           ; 13                   ; Signed Integer                                                         ;
; COUNTER_INCREMENT_FOR_101US        ; 0000000000001        ; Unsigned Binary                                                        ;
; CLOCK_CYCLES_FOR_15MS              ; 750000               ; Signed Integer                                                         ;
; NUMBER_OF_BITS_FOR_15MS            ; 20                   ; Signed Integer                                                         ;
; COUNTER_INCREMENT_FOR_15MS         ; 00000000000000000001 ; Unsigned Binary                                                        ;
; CLOCK_CYCLES_FOR_2MS               ; 100000               ; Signed Integer                                                         ;
; NUMBER_OF_BITS_FOR_2MS             ; 17                   ; Signed Integer                                                         ;
; COUNTER_INCREMENT_FOR_2MS          ; 00000000000000001    ; Unsigned Binary                                                        ;
; PS2_STATE_0_IDLE                   ; 000                  ; Unsigned Binary                                                        ;
; PS2_STATE_1_INITIATE_COMMUNICATION ; 001                  ; Unsigned Binary                                                        ;
; PS2_STATE_2_WAIT_FOR_CLOCK         ; 010                  ; Unsigned Binary                                                        ;
; PS2_STATE_3_TRANSMIT_DATA          ; 011                  ; Unsigned Binary                                                        ;
; PS2_STATE_4_TRANSMIT_STOP_BIT      ; 100                  ; Unsigned Binary                                                        ;
; PS2_STATE_5_RECEIVE_ACK_BIT        ; 101                  ; Unsigned Binary                                                        ;
; PS2_STATE_6_COMMAND_WAS_SENT       ; 110                  ; Unsigned Binary                                                        ;
; PS2_STATE_7_TRANSMISSION_ERROR     ; 111                  ; Unsigned Binary                                                        ;
+------------------------------------+----------------------+------------------------------------------------------------------------+
Note: In order to hide this table in the UI and the text report file, please set the "Show Parameter Settings in Synthesis Report" option in "Analysis and Synthesis Settings -> More Settings" to "Off".


+-----------------------------------------------------------------------------------------------------------------------------------------+
; Port Connectivity Checks: "Keyboard_Intefracer:KB_I"                                                                                    ;
+-------------------------------+--------+----------+-------------------------------------------------------------------------------------+
; Port                          ; Type   ; Severity ; Details                                                                             ;
+-------------------------------+--------+----------+-------------------------------------------------------------------------------------+
; command_was_sent              ; Output ; Info     ; Connected to dangling logic. Logic that only feeds a dangling port will be removed. ;
; error_communication_timed_out ; Output ; Info     ; Connected to dangling logic. Logic that only feeds a dangling port will be removed. ;
+-------------------------------+--------+----------+-------------------------------------------------------------------------------------+


+-----------------------------------------------------------------------------------------------------------------------------------------------------------------------------------------------------------+
; Port Connectivity Checks: "Pose_Tracker:PT|fxp_mul:mult0"                                                                                                                                                 ;
+-------------+--------+----------+-------------------------------------------------------------------------------------------------------------------------------------------------------------------------+
; Port        ; Type   ; Severity ; Details                                                                                                                                                                 ;
+-------------+--------+----------+-------------------------------------------------------------------------------------------------------------------------------------------------------------------------+
; ina[24..18] ; Input  ; Info     ; Stuck at GND                                                                                                                                                            ;
; ina[16..0]  ; Input  ; Info     ; Stuck at GND                                                                                                                                                            ;
; ina[17]     ; Input  ; Info     ; Stuck at VCC                                                                                                                                                            ;
; inb[17..16] ; Input  ; Info     ; Stuck at VCC                                                                                                                                                            ;
; inb[5..2]   ; Input  ; Info     ; Stuck at VCC                                                                                                                                                            ;
; inb[24..18] ; Input  ; Info     ; Stuck at GND                                                                                                                                                            ;
; inb[15..14] ; Input  ; Info     ; Stuck at GND                                                                                                                                                            ;
; inb[12..11] ; Input  ; Info     ; Stuck at GND                                                                                                                                                            ;
; inb[9..6]   ; Input  ; Info     ; Stuck at GND                                                                                                                                                            ;
; inb[13]     ; Input  ; Info     ; Stuck at VCC                                                                                                                                                            ;
; inb[10]     ; Input  ; Info     ; Stuck at VCC                                                                                                                                                            ;
; inb[1]      ; Input  ; Info     ; Stuck at GND                                                                                                                                                            ;
; inb[0]      ; Input  ; Info     ; Stuck at VCC                                                                                                                                                            ;
; out         ; Output ; Warning  ; Output or bidir port (25 bits) is smaller than the port expression (26 bits) it drives.  The 1 most-significant bit(s) in the port expression will be connected to GND. ;
; overflow    ; Output ; Info     ; Connected to dangling logic. Logic that only feeds a dangling port will be removed.                                                                                     ;
+-------------+--------+----------+-------------------------------------------------------------------------------------------------------------------------------------------------------------------------+


+------------------------------------------------------------------------------------------------------------------------------+
; Port Connectivity Checks: "Pose_Tracker:PT"                                                                                  ;
+--------------------+--------+----------+-------------------------------------------------------------------------------------+
; Port               ; Type   ; Severity ; Details                                                                             ;
+--------------------+--------+----------+-------------------------------------------------------------------------------------+
; position[2..1]     ; Output ; Info     ; Connected to dangling logic. Logic that only feeds a dangling port will be removed. ;
; position[0][12..0] ; Output ; Info     ; Connected to dangling logic. Logic that only feeds a dangling port will be removed. ;
; position[0][24]    ; Output ; Info     ; Connected to dangling logic. Logic that only feeds a dangling port will be removed. ;
; orientation        ; Output ; Info     ; Connected to dangling logic. Logic that only feeds a dangling port will be removed. ;
+--------------------+--------+----------+-------------------------------------------------------------------------------------+


+------------------------------------------------------------------------------------------------------------------+
; Port Connectivity Checks: "Polygon_List:LIST"                                                                    ;
+--------+--------+----------+-------------------------------------------------------------------------------------+
; Port   ; Type   ; Severity ; Details                                                                             ;
+--------+--------+----------+-------------------------------------------------------------------------------------+
; Poly1  ; Output ; Info     ; Connected to dangling logic. Logic that only feeds a dangling port will be removed. ;
; Poly2  ; Output ; Info     ; Connected to dangling logic. Logic that only feeds a dangling port will be removed. ;
; Poly3  ; Output ; Info     ; Connected to dangling logic. Logic that only feeds a dangling port will be removed. ;
; Poly4  ; Output ; Info     ; Connected to dangling logic. Logic that only feeds a dangling port will be removed. ;
; Poly5  ; Output ; Info     ; Connected to dangling logic. Logic that only feeds a dangling port will be removed. ;
; Poly6  ; Output ; Info     ; Connected to dangling logic. Logic that only feeds a dangling port will be removed. ;
; Poly7  ; Output ; Info     ; Connected to dangling logic. Logic that only feeds a dangling port will be removed. ;
; Poly8  ; Output ; Info     ; Connected to dangling logic. Logic that only feeds a dangling port will be removed. ;
; Poly9  ; Output ; Info     ; Connected to dangling logic. Logic that only feeds a dangling port will be removed. ;
; Poly10 ; Output ; Info     ; Connected to dangling logic. Logic that only feeds a dangling port will be removed. ;
; Poly11 ; Output ; Info     ; Connected to dangling logic. Logic that only feeds a dangling port will be removed. ;
; Poly12 ; Output ; Info     ; Connected to dangling logic. Logic that only feeds a dangling port will be removed. ;
+--------+--------+----------+-------------------------------------------------------------------------------------+


+-----------------------------------------------------+
; Post-Synthesis Netlist Statistics for Top Partition ;
+-----------------------+-----------------------------+
; Type                  ; Count                       ;
+-----------------------+-----------------------------+
; arriav_ff             ; 167                         ;
;     ENA               ; 8                           ;
;     ENA SCLR          ; 127                         ;
;     SCLR              ; 26                          ;
;     plain             ; 6                           ;
; arriav_io_obuf        ; 2                           ;
; arriav_lcell_comb     ; 213                         ;
;     arith             ; 94                          ;
;         1 data inputs ; 85                          ;
;         2 data inputs ; 9                           ;
;     extend            ; 2                           ;
;         7 data inputs ; 2                           ;
;     normal            ; 117                         ;
;         0 data inputs ; 1                           ;
;         1 data inputs ; 3                           ;
;         2 data inputs ; 11                          ;
;         3 data inputs ; 16                          ;
;         4 data inputs ; 34                          ;
;         5 data inputs ; 20                          ;
;         6 data inputs ; 32                          ;
; boundary_port         ; 69                          ;
;                       ;                             ;
; Max LUT depth         ; 3.50                        ;
; Average LUT depth     ; 2.14                        ;
+-----------------------+-----------------------------+


+-------------------------------+
; Elapsed Time Per Partition    ;
+----------------+--------------+
; Partition Name ; Elapsed Time ;
+----------------+--------------+
; Top            ; 00:00:00     ;
+----------------+--------------+


+-------------------------------+
; Analysis & Synthesis Messages ;
+-------------------------------+
Info: *******************************************************************
Info: Running Quartus Prime Analysis & Synthesis
    Info: Version 18.1.0 Build 625 09/12/2018 SJ Lite Edition
    Info: Processing started: Sun Nov 17 13:02:00 2024
Info: Command: quartus_map --read_settings_files=on --write_settings_files=off renderer -c renderer
Warning (18236): Number of processors has not been specified which may cause overloading on shared machines.  Set the global assignment NUM_PARALLEL_PROCESSORS in your QSF to an appropriate value for best performance.
Info (20030): Parallel compilation is enabled and will use 10 of the 10 processors detected
Info (12021): Found 1 design units, including 1 entities, in source file src/renderer.sv
    Info (12023): Found entity 1: renderer File: C:/ECE241/Final Project/ece241-final_project/src/renderer.sv Line: 2
Info (12021): Found 1 design units, including 1 entities, in source file src/ps2_controller.sv
    Info (12023): Found entity 1: PS2_Controller File: C:/ECE241/Final Project/ece241-final_project/src/PS2_Controller.sv Line: 9
Info (12021): Found 1 design units, including 1 entities, in source file src/pose_tracker.sv
    Info (12023): Found entity 1: Pose_Tracker File: C:/ECE241/Final Project/ece241-final_project/src/pose_tracker.sv Line: 1
Info (12021): Found 1 design units, including 1 entities, in source file src/polygon_list.sv
    Info (12023): Found entity 1: Polygon_List File: C:/ECE241/Final Project/ece241-final_project/src/Polygon_List.sv Line: 1
Info (12021): Found 1 design units, including 1 entities, in source file src/keyboard_interfacer.sv
    Info (12023): Found entity 1: Keyboard_Intefracer File: C:/ECE241/Final Project/ece241-final_project/src/Keyboard_Interfacer.sv Line: 1
Info (12021): Found 1 design units, including 1 entities, in source file src/hexadecimal_to_seven_segment.sv
    Info (12023): Found entity 1: Hexadecimal_To_Seven_Segment File: C:/ECE241/Final Project/ece241-final_project/src/Hexadecimal_To_Seven_Segment.sv Line: 10
Info (12021): Found 1 design units, including 1 entities, in source file src/altera_up_ps2_data_in.sv
    Info (12023): Found entity 1: Altera_UP_PS2_Data_In File: C:/ECE241/Final Project/ece241-final_project/src/Altera_UP_PS2_Data_In.sv Line: 10
Info (12021): Found 1 design units, including 1 entities, in source file src/altera_up_ps2_command_out.sv
    Info (12023): Found entity 1: Altera_UP_PS2_Command_Out File: C:/ECE241/Final Project/ece241-final_project/src/Altera_UP_PS2_Command_Out.sv Line: 10
Info (12021): Found 2 design units, including 2 entities, in source file src/linalg.sv
    Info (12023): Found entity 1: dot File: C:/ECE241/Final Project/ece241-final_project/src/LinAlg.sv Line: 6
    Info (12023): Found entity 2: matrix_mul_4x4on4x1 File: C:/ECE241/Final Project/ece241-final_project/src/LinAlg.sv Line: 141
Warning (12019): Can't analyze file -- file src/Fixed_Point_Algebra.sv is missing
Warning (10275): Verilog HDL Module Instantiation warning at fixedpoint_lib.sv(771): ignored dangling comma in List of Port Connections File: C:/ECE241/Final Project/ece241-final_project/src/fixedpoint_lib.sv Line: 771
Warning (10275): Verilog HDL Module Instantiation warning at fixedpoint_lib.sv(773): ignored dangling comma in List of Port Connections File: C:/ECE241/Final Project/ece241-final_project/src/fixedpoint_lib.sv Line: 773
Warning (10275): Verilog HDL Module Instantiation warning at fixedpoint_lib.sv(774): ignored dangling comma in List of Port Connections File: C:/ECE241/Final Project/ece241-final_project/src/fixedpoint_lib.sv Line: 774
Warning (10275): Verilog HDL Module Instantiation warning at fixedpoint_lib.sv(775): ignored dangling comma in List of Port Connections File: C:/ECE241/Final Project/ece241-final_project/src/fixedpoint_lib.sv Line: 775
Warning (10275): Verilog HDL Module Instantiation warning at fixedpoint_lib.sv(776): ignored dangling comma in List of Port Connections File: C:/ECE241/Final Project/ece241-final_project/src/fixedpoint_lib.sv Line: 776
Warning (10275): Verilog HDL Module Instantiation warning at fixedpoint_lib.sv(777): ignored dangling comma in List of Port Connections File: C:/ECE241/Final Project/ece241-final_project/src/fixedpoint_lib.sv Line: 777
Warning (10275): Verilog HDL Module Instantiation warning at fixedpoint_lib.sv(778): ignored dangling comma in List of Port Connections File: C:/ECE241/Final Project/ece241-final_project/src/fixedpoint_lib.sv Line: 778
Warning (10275): Verilog HDL Module Instantiation warning at fixedpoint_lib.sv(779): ignored dangling comma in List of Port Connections File: C:/ECE241/Final Project/ece241-final_project/src/fixedpoint_lib.sv Line: 779
Warning (10275): Verilog HDL Module Instantiation warning at fixedpoint_lib.sv(780): ignored dangling comma in List of Port Connections File: C:/ECE241/Final Project/ece241-final_project/src/fixedpoint_lib.sv Line: 780
Warning (10275): Verilog HDL Module Instantiation warning at fixedpoint_lib.sv(781): ignored dangling comma in List of Port Connections File: C:/ECE241/Final Project/ece241-final_project/src/fixedpoint_lib.sv Line: 781
Warning (10275): Verilog HDL Module Instantiation warning at fixedpoint_lib.sv(782): ignored dangling comma in List of Port Connections File: C:/ECE241/Final Project/ece241-final_project/src/fixedpoint_lib.sv Line: 782
Info (12021): Found 14 design units, including 14 entities, in source file src/fixedpoint_lib.sv
    Info (12023): Found entity 1: fxp_zoom File: C:/ECE241/Final Project/ece241-final_project/src/fixedpoint_lib.sv Line: 12
    Info (12023): Found entity 2: fxp_add File: C:/ECE241/Final Project/ece241-final_project/src/fixedpoint_lib.sv Line: 87
    Info (12023): Found entity 3: fxp_addsub File: C:/ECE241/Final Project/ece241-final_project/src/fixedpoint_lib.sv Line: 152
    Info (12023): Found entity 4: fxp_mul File: C:/ECE241/Final Project/ece241-final_project/src/fixedpoint_lib.sv Line: 236
    Info (12023): Found entity 5: fxp_mul_pipe File: C:/ECE241/Final Project/ece241-final_project/src/fixedpoint_lib.sv Line: 278
    Info (12023): Found entity 6: fxp_div File: C:/ECE241/Final Project/ece241-final_project/src/fixedpoint_lib.sv Line: 335
    Info (12023): Found entity 7: fxp_div_pipe File: C:/ECE241/Final Project/ece241-final_project/src/fixedpoint_lib.sv Line: 436
    Info (12023): Found entity 8: fxp_sqrt File: C:/ECE241/Final Project/ece241-final_project/src/fixedpoint_lib.sv Line: 605
    Info (12023): Found entity 9: fxp_sqrt_pipe File: C:/ECE241/Final Project/ece241-final_project/src/fixedpoint_lib.sv Line: 666
    Info (12023): Found entity 10: fxp_sin File: C:/ECE241/Final Project/ece241-final_project/src/fixedpoint_lib.sv Line: 749
    Info (12023): Found entity 11: fxp2float File: C:/ECE241/Final Project/ece241-final_project/src/fixedpoint_lib.sv Line: 816
    Info (12023): Found entity 12: fxp2float_pipe File: C:/ECE241/Final Project/ece241-final_project/src/fixedpoint_lib.sv Line: 865
    Info (12023): Found entity 13: float2fxp File: C:/ECE241/Final Project/ece241-final_project/src/fixedpoint_lib.sv Line: 952
    Info (12023): Found entity 14: float2fxp_pipe File: C:/ECE241/Final Project/ece241-final_project/src/fixedpoint_lib.sv Line: 1013
Info (12021): Found 2 design units, including 2 entities, in source file src/transformations.sv
    Info (12023): Found entity 1: projection File: C:/ECE241/Final Project/ece241-final_project/src/Transformations.sv Line: 1
    Info (12023): Found entity 2: transformer File: C:/ECE241/Final Project/ece241-final_project/src/Transformations.sv Line: 175
Info (12021): Found 1 design units, including 1 entities, in source file src/projector.sv
    Info (12023): Found entity 1: Projector File: C:/ECE241/Final Project/ece241-final_project/src/Projector.sv Line: 1
Warning (10222): Verilog HDL Parameter Declaration warning at Polygon_List.sv(25): Parameter Declaration in module "Polygon_List" behaves as a Local Parameter Declaration because the module has a Module Parameter Port List File: C:/ECE241/Final Project/ece241-final_project/src/Polygon_List.sv Line: 25
Warning (10222): Verilog HDL Parameter Declaration warning at Polygon_List.sv(30): Parameter Declaration in module "Polygon_List" behaves as a Local Parameter Declaration because the module has a Module Parameter Port List File: C:/ECE241/Final Project/ece241-final_project/src/Polygon_List.sv Line: 30
Warning (10222): Verilog HDL Parameter Declaration warning at Polygon_List.sv(34): Parameter Declaration in module "Polygon_List" behaves as a Local Parameter Declaration because the module has a Module Parameter Port List File: C:/ECE241/Final Project/ece241-final_project/src/Polygon_List.sv Line: 34
Warning (10222): Verilog HDL Parameter Declaration warning at Polygon_List.sv(38): Parameter Declaration in module "Polygon_List" behaves as a Local Parameter Declaration because the module has a Module Parameter Port List File: C:/ECE241/Final Project/ece241-final_project/src/Polygon_List.sv Line: 38
Warning (10222): Verilog HDL Parameter Declaration warning at Polygon_List.sv(42): Parameter Declaration in module "Polygon_List" behaves as a Local Parameter Declaration because the module has a Module Parameter Port List File: C:/ECE241/Final Project/ece241-final_project/src/Polygon_List.sv Line: 42
Warning (10222): Verilog HDL Parameter Declaration warning at Polygon_List.sv(46): Parameter Declaration in module "Polygon_List" behaves as a Local Parameter Declaration because the module has a Module Parameter Port List File: C:/ECE241/Final Project/ece241-final_project/src/Polygon_List.sv Line: 46
Warning (10222): Verilog HDL Parameter Declaration warning at Polygon_List.sv(50): Parameter Declaration in module "Polygon_List" behaves as a Local Parameter Declaration because the module has a Module Parameter Port List File: C:/ECE241/Final Project/ece241-final_project/src/Polygon_List.sv Line: 50
Warning (10222): Verilog HDL Parameter Declaration warning at Polygon_List.sv(54): Parameter Declaration in module "Polygon_List" behaves as a Local Parameter Declaration because the module has a Module Parameter Port List File: C:/ECE241/Final Project/ece241-final_project/src/Polygon_List.sv Line: 54
Warning (10222): Verilog HDL Parameter Declaration warning at Polygon_List.sv(58): Parameter Declaration in module "Polygon_List" behaves as a Local Parameter Declaration because the module has a Module Parameter Port List File: C:/ECE241/Final Project/ece241-final_project/src/Polygon_List.sv Line: 58
Warning (10222): Verilog HDL Parameter Declaration warning at pose_tracker.sv(21): Parameter Declaration in module "Pose_Tracker" behaves as a Local Parameter Declaration because the module has a Module Parameter Port List File: C:/ECE241/Final Project/ece241-final_project/src/pose_tracker.sv Line: 21
Warning (10222): Verilog HDL Parameter Declaration warning at pose_tracker.sv(24): Parameter Declaration in module "Pose_Tracker" behaves as a Local Parameter Declaration because the module has a Module Parameter Port List File: C:/ECE241/Final Project/ece241-final_project/src/pose_tracker.sv Line: 24
Warning (10222): Verilog HDL Parameter Declaration warning at pose_tracker.sv(29): Parameter Declaration in module "Pose_Tracker" behaves as a Local Parameter Declaration because the module has a Module Parameter Port List File: C:/ECE241/Final Project/ece241-final_project/src/pose_tracker.sv Line: 29
Warning (10222): Verilog HDL Parameter Declaration warning at pose_tracker.sv(31): Parameter Declaration in module "Pose_Tracker" behaves as a Local Parameter Declaration because the module has a Module Parameter Port List File: C:/ECE241/Final Project/ece241-final_project/src/pose_tracker.sv Line: 31
Warning (10222): Verilog HDL Parameter Declaration warning at pose_tracker.sv(41): Parameter Declaration in module "Pose_Tracker" behaves as a Local Parameter Declaration because the module has a Module Parameter Port List File: C:/ECE241/Final Project/ece241-final_project/src/pose_tracker.sv Line: 41
Warning (10222): Verilog HDL Parameter Declaration warning at pose_tracker.sv(48): Parameter Declaration in module "Pose_Tracker" behaves as a Local Parameter Declaration because the module has a Module Parameter Port List File: C:/ECE241/Final Project/ece241-final_project/src/pose_tracker.sv Line: 48
Warning (10222): Verilog HDL Parameter Declaration warning at Transformations.sv(19): Parameter Declaration in module "projection" behaves as a Local Parameter Declaration because the module has a Module Parameter Port List File: C:/ECE241/Final Project/ece241-final_project/src/Transformations.sv Line: 19
Warning (10222): Verilog HDL Parameter Declaration warning at Transformations.sv(27): Parameter Declaration in module "projection" behaves as a Local Parameter Declaration because the module has a Module Parameter Port List File: C:/ECE241/Final Project/ece241-final_project/src/Transformations.sv Line: 27
Info (12127): Elaborating entity "renderer" for the top level hierarchy
Warning (10034): Output port "HEX2" at renderer.sv(43) has no driver File: C:/ECE241/Final Project/ece241-final_project/src/renderer.sv Line: 43
Warning (10034): Output port "HEX3" at renderer.sv(44) has no driver File: C:/ECE241/Final Project/ece241-final_project/src/renderer.sv Line: 44
Warning (10034): Output port "HEX4" at renderer.sv(45) has no driver File: C:/ECE241/Final Project/ece241-final_project/src/renderer.sv Line: 45
Warning (10034): Output port "HEX5" at renderer.sv(46) has no driver File: C:/ECE241/Final Project/ece241-final_project/src/renderer.sv Line: 46
Info (12128): Elaborating entity "Polygon_List" for hierarchy "Polygon_List:LIST" File: C:/ECE241/Final Project/ece241-final_project/src/renderer.sv Line: 116
Info (10008): Verilog HDL or VHDL information: EDA Netlist Writer cannot regroup multidimensional array "Poly1" into its bus
Info (10008): Verilog HDL or VHDL information: EDA Netlist Writer cannot regroup multidimensional array "Poly2" into its bus
Info (10008): Verilog HDL or VHDL information: EDA Netlist Writer cannot regroup multidimensional array "Poly3" into its bus
Info (10008): Verilog HDL or VHDL information: EDA Netlist Writer cannot regroup multidimensional array "Poly4" into its bus
Info (10008): Verilog HDL or VHDL information: EDA Netlist Writer cannot regroup multidimensional array "Poly5" into its bus
Info (10008): Verilog HDL or VHDL information: EDA Netlist Writer cannot regroup multidimensional array "Poly6" into its bus
Info (10008): Verilog HDL or VHDL information: EDA Netlist Writer cannot regroup multidimensional array "Poly7" into its bus
Info (10008): Verilog HDL or VHDL information: EDA Netlist Writer cannot regroup multidimensional array "Poly8" into its bus
Info (10008): Verilog HDL or VHDL information: EDA Netlist Writer cannot regroup multidimensional array "Poly9" into its bus
Info (10008): Verilog HDL or VHDL information: EDA Netlist Writer cannot regroup multidimensional array "Poly10" into its bus
Info (10008): Verilog HDL or VHDL information: EDA Netlist Writer cannot regroup multidimensional array "Poly11" into its bus
Info (10008): Verilog HDL or VHDL information: EDA Netlist Writer cannot regroup multidimensional array "Poly12" into its bus
Info (10008): Verilog HDL or VHDL information: EDA Netlist Writer cannot regroup multidimensional array "Poly1" into its bus
Info (10008): Verilog HDL or VHDL information: EDA Netlist Writer cannot regroup multidimensional array "Poly2" into its bus
Info (10008): Verilog HDL or VHDL information: EDA Netlist Writer cannot regroup multidimensional array "Poly3" into its bus
Info (10008): Verilog HDL or VHDL information: EDA Netlist Writer cannot regroup multidimensional array "Poly4" into its bus
Info (10008): Verilog HDL or VHDL information: EDA Netlist Writer cannot regroup multidimensional array "Poly5" into its bus
Info (10008): Verilog HDL or VHDL information: EDA Netlist Writer cannot regroup multidimensional array "Poly6" into its bus
Info (10008): Verilog HDL or VHDL information: EDA Netlist Writer cannot regroup multidimensional array "Poly7" into its bus
Info (10008): Verilog HDL or VHDL information: EDA Netlist Writer cannot regroup multidimensional array "Poly8" into its bus
Info (10008): Verilog HDL or VHDL information: EDA Netlist Writer cannot regroup multidimensional array "Poly9" into its bus
Info (10008): Verilog HDL or VHDL information: EDA Netlist Writer cannot regroup multidimensional array "Poly10" into its bus
Info (10008): Verilog HDL or VHDL information: EDA Netlist Writer cannot regroup multidimensional array "Poly11" into its bus
Info (10008): Verilog HDL or VHDL information: EDA Netlist Writer cannot regroup multidimensional array "Poly12" into its bus
Info (12128): Elaborating entity "Pose_Tracker" for hierarchy "Pose_Tracker:PT" File: C:/ECE241/Final Project/ece241-final_project/src/renderer.sv Line: 127
Info (12128): Elaborating entity "fxp_mul" for hierarchy "Pose_Tracker:PT|fxp_mul:mult0" File: C:/ECE241/Final Project/ece241-final_project/src/pose_tracker.sv Line: 164
Info (12128): Elaborating entity "fxp_zoom" for hierarchy "Pose_Tracker:PT|fxp_mul:mult0|fxp_zoom:res_zoom" File: C:/ECE241/Final Project/ece241-final_project/src/fixedpoint_lib.sv Line: 266
Info (12128): Elaborating entity "Keyboard_Intefracer" for hierarchy "Keyboard_Intefracer:KB_I" File: C:/ECE241/Final Project/ece241-final_project/src/renderer.sv Line: 144
Info (12128): Elaborating entity "PS2_Controller" for hierarchy "Keyboard_Intefracer:KB_I|PS2_Controller:PS2" File: C:/ECE241/Final Project/ece241-final_project/src/Keyboard_Interfacer.sv Line: 110
Info (12128): Elaborating entity "Altera_UP_PS2_Data_In" for hierarchy "Keyboard_Intefracer:KB_I|PS2_Controller:PS2|Altera_UP_PS2_Data_In:PS2_Data_In" File: C:/ECE241/Final Project/ece241-final_project/src/PS2_Controller.sv Line: 246
Info (12128): Elaborating entity "Altera_UP_PS2_Command_Out" for hierarchy "Keyboard_Intefracer:KB_I|PS2_Controller:PS2|Altera_UP_PS2_Command_Out:PS2_Command_Out" File: C:/ECE241/Final Project/ece241-final_project/src/PS2_Controller.sv Line: 266
Info (12128): Elaborating entity "Hexadecimal_To_Seven_Segment" for hierarchy "Hexadecimal_To_Seven_Segment:hex0" File: C:/ECE241/Final Project/ece241-final_project/src/renderer.sv Line: 149
Warning (12241): 1 hierarchies have connectivity warnings - see the Connectivity Checks report folder
Warning (13024): Output pins are stuck at VCC or GND
    Warning (13410): Pin "HEX2[0]" is stuck at GND File: C:/ECE241/Final Project/ece241-final_project/src/renderer.sv Line: 43
    Warning (13410): Pin "HEX2[1]" is stuck at GND File: C:/ECE241/Final Project/ece241-final_project/src/renderer.sv Line: 43
    Warning (13410): Pin "HEX2[2]" is stuck at GND File: C:/ECE241/Final Project/ece241-final_project/src/renderer.sv Line: 43
    Warning (13410): Pin "HEX2[3]" is stuck at GND File: C:/ECE241/Final Project/ece241-final_project/src/renderer.sv Line: 43
    Warning (13410): Pin "HEX2[4]" is stuck at GND File: C:/ECE241/Final Project/ece241-final_project/src/renderer.sv Line: 43
    Warning (13410): Pin "HEX2[5]" is stuck at GND File: C:/ECE241/Final Project/ece241-final_project/src/renderer.sv Line: 43
    Warning (13410): Pin "HEX2[6]" is stuck at GND File: C:/ECE241/Final Project/ece241-final_project/src/renderer.sv Line: 43
    Warning (13410): Pin "HEX3[0]" is stuck at GND File: C:/ECE241/Final Project/ece241-final_project/src/renderer.sv Line: 44
    Warning (13410): Pin "HEX3[1]" is stuck at GND File: C:/ECE241/Final Project/ece241-final_project/src/renderer.sv Line: 44
    Warning (13410): Pin "HEX3[2]" is stuck at GND File: C:/ECE241/Final Project/ece241-final_project/src/renderer.sv Line: 44
    Warning (13410): Pin "HEX3[3]" is stuck at GND File: C:/ECE241/Final Project/ece241-final_project/src/renderer.sv Line: 44
    Warning (13410): Pin "HEX3[4]" is stuck at GND File: C:/ECE241/Final Project/ece241-final_project/src/renderer.sv Line: 44
    Warning (13410): Pin "HEX3[5]" is stuck at GND File: C:/ECE241/Final Project/ece241-final_project/src/renderer.sv Line: 44
    Warning (13410): Pin "HEX3[6]" is stuck at GND File: C:/ECE241/Final Project/ece241-final_project/src/renderer.sv Line: 44
    Warning (13410): Pin "HEX4[0]" is stuck at GND File: C:/ECE241/Final Project/ece241-final_project/src/renderer.sv Line: 45
    Warning (13410): Pin "HEX4[1]" is stuck at GND File: C:/ECE241/Final Project/ece241-final_project/src/renderer.sv Line: 45
    Warning (13410): Pin "HEX4[2]" is stuck at GND File: C:/ECE241/Final Project/ece241-final_project/src/renderer.sv Line: 45
    Warning (13410): Pin "HEX4[3]" is stuck at GND File: C:/ECE241/Final Project/ece241-final_project/src/renderer.sv Line: 45
    Warning (13410): Pin "HEX4[4]" is stuck at GND File: C:/ECE241/Final Project/ece241-final_project/src/renderer.sv Line: 45
    Warning (13410): Pin "HEX4[5]" is stuck at GND File: C:/ECE241/Final Project/ece241-final_project/src/renderer.sv Line: 45
    Warning (13410): Pin "HEX4[6]" is stuck at GND File: C:/ECE241/Final Project/ece241-final_project/src/renderer.sv Line: 45
    Warning (13410): Pin "HEX5[0]" is stuck at GND File: C:/ECE241/Final Project/ece241-final_project/src/renderer.sv Line: 46
    Warning (13410): Pin "HEX5[1]" is stuck at GND File: C:/ECE241/Final Project/ece241-final_project/src/renderer.sv Line: 46
    Warning (13410): Pin "HEX5[2]" is stuck at GND File: C:/ECE241/Final Project/ece241-final_project/src/renderer.sv Line: 46
    Warning (13410): Pin "HEX5[3]" is stuck at GND File: C:/ECE241/Final Project/ece241-final_project/src/renderer.sv Line: 46
    Warning (13410): Pin "HEX5[4]" is stuck at GND File: C:/ECE241/Final Project/ece241-final_project/src/renderer.sv Line: 46
    Warning (13410): Pin "HEX5[5]" is stuck at GND File: C:/ECE241/Final Project/ece241-final_project/src/renderer.sv Line: 46
    Warning (13410): Pin "HEX5[6]" is stuck at GND File: C:/ECE241/Final Project/ece241-final_project/src/renderer.sv Line: 46
    Warning (13410): Pin "LEDR[0]" is stuck at GND File: C:/ECE241/Final Project/ece241-final_project/src/renderer.sv Line: 47
Info (286030): Timing-Driven Synthesis is running
Info (17049): 8 registers lost all their fanouts during netlist optimizations.
Info (144001): Generated suppressed messages file C:/ECE241/Final Project/ece241-final_project/renderer.map.smsg
Info (16010): Generating hard_block partition "hard_block:auto_generated_inst"
    Info (16011): Adding 0 node(s), including 0 DDIO, 0 PLL, 0 transceiver and 0 LCELL
Warning (21074): Design contains 4 input pin(s) that do not drive logic
    Warning (15610): No output dependent on input pin "KEY[2]" File: C:/ECE241/Final Project/ece241-final_project/src/renderer.sv Line: 34
    Warning (15610): No output dependent on input pin "KEY[3]" File: C:/ECE241/Final Project/ece241-final_project/src/renderer.sv Line: 34
    Warning (15610): No output dependent on input pin "SW[8]" File: C:/ECE241/Final Project/ece241-final_project/src/renderer.sv Line: 33
    Warning (15610): No output dependent on input pin "SW[9]" File: C:/ECE241/Final Project/ece241-final_project/src/renderer.sv Line: 33
Info (21057): Implemented 319 device resources after synthesis - the final resource count might be different
    Info (21058): Implemented 15 input pins
    Info (21059): Implemented 52 output pins
    Info (21060): Implemented 2 bidirectional pins
    Info (21061): Implemented 250 logic cells
Info: Quartus Prime Analysis & Synthesis was successful. 0 errors, 70 warnings
    Info: Peak virtual memory: 4884 megabytes
    Info: Processing ended: Sun Nov 17 13:02:15 2024
    Info: Elapsed time: 00:00:15
    Info: Total CPU time (on all processors): 00:00:13


+------------------------------------------+
; Analysis & Synthesis Suppressed Messages ;
+------------------------------------------+
The suppressed messages can be found in C:/ECE241/Final Project/ece241-final_project/renderer.map.smsg.


